[debug] [2020-10-22T06:58:38.508Z] ----------------------------------------------------------------------
[debug] [2020-10-22T06:58:38.511Z] Command:       /usr/local/bin/node /usr/local/bin/firebase init
[debug] [2020-10-22T06:58:38.512Z] CLI Version:   8.12.1
[debug] [2020-10-22T06:58:38.512Z] Platform:      darwin
[debug] [2020-10-22T06:58:38.512Z] Node Version:  v12.18.3
[debug] [2020-10-22T06:58:38.518Z] Time:          Thu Oct 22 2020 12:28:38 GMT+0530 (India Standard Time)
[debug] [2020-10-22T06:58:38.518Z] ----------------------------------------------------------------------
[debug] [2020-10-22T06:58:38.519Z] 
[debug] [2020-10-22T06:58:38.533Z] > command requires scopes: ["email","openid","https://www.googleapis.com/auth/cloudplatformprojects.readonly","https://www.googleapis.com/auth/firebase","https://www.googleapis.com/auth/cloud-platform"]
[debug] [2020-10-22T06:58:38.533Z] > authorizing via signed-in user
[info] 
     ######## #### ########  ######## ########     ###     ######  ########
     ##        ##  ##     ## ##       ##     ##  ##   ##  ##       ##
     ######    ##  ########  ######   ########  #########  ######  ######
     ##        ##  ##    ##  ##       ##     ## ##     ##       ## ##
     ##       #### ##     ## ######## ########  ##     ##  ######  ########

You're about to initialize a Firebase project in this directory:

  /Users/sureshramasamy/workspace/resume-builder-web

Before we get started, keep in mind:

  * You are initializing in an existing Firebase project directory

